This is TeX, Version 3.14159 (Web2C 7.2) (format=latex 1998.12.26)  22 JUL 2000 10:07
**\nonstopmode\input{shuffle.tex}
(shuffle.tex (/home/pallier/texmf/latex/apa/apa.cls
Document Class: apa 1998/09/02 American Psychological Association format
(/usr/share/texmf/tex/latex/base/article.cls
Document Class: article 1998/05/05 v1.3y Standard LaTeX document class
(/usr/share/texmf/tex/latex/base/size11.clo
File: size11.clo 1998/05/05 v1.3y Standard LaTeX file (size option)
)
\c@part=\count79
\c@section=\count80
\c@subsection=\count81
\c@subsubsection=\count82
\c@paragraph=\count83
\c@subparagraph=\count84
\c@figure=\count85
\c@table=\count86
\abovecaptionskip=\skip41
\belowcaptionskip=\skip42
\bibindent=\dimen102
)
(/home/pallier/texmf/latex/apacite/apacite.sty
Package: apacite 1994/11/30 APA citation
\c@BibCnt=\count87
\bibleftmargin=\skip43
)
\b@level@one@skip=\skip44
\e@level@one@skip=\skip45
\b@level@two@skip=\skip46
\e@level@two@skip=\skip47
\b@level@three@skip=\skip48
\e@level@three@skip=\skip49
\b@level@four@skip=\skip50
\e@level@four@skip=\skip51
\b@level@five@skip=\skip52
\e@level@five@skip=\skip53
\c@APAenum=\count88
\@text@par@indent=\skip54
\gr@box=\box26
\gr@boxwidth=\skip55
\gr@boxheight=\skip56
)
(/usr/share/texmf/tex/latex/misc/url.sty
Package: url 1996/10/19  ver 1.2  Verb mode for urls, email addresses, and file
 names
)
(/usr/share/texmf/tex/latex/tools/verbatim.sty
Package: verbatim 1997/04/30 v1.5k LaTeX2e package for verbatim enhancements
\every@verbatim=\toks14
\verbatim@line=\toks15
\verbatim@in@stream=\read1
)
(/home/pallier/texmf/latex/moreverb.sty
Package: moreverb 1997/12/07 v2.2d.2 `more' verbatim facilities
\verbatim@out=\write3
\tab@position=\count89
\tab@size=\count90
\listing@line=\count91
) (shuffle.aux)
\openout1 = `shuffle.aux'.

LaTeX Font Info:    Checking defaults for OML/cmm/m/it on input line 17.
LaTeX Font Info:    ... okay on input line 17.
LaTeX Font Info:    Checking defaults for T1/cmr/m/n on input line 17.
LaTeX Font Info:    ... okay on input line 17.
LaTeX Font Info:    Checking defaults for OT1/cmr/m/n on input line 17.
LaTeX Font Info:    ... okay on input line 17.
LaTeX Font Info:    Checking defaults for OMS/cmsy/m/n on input line 17.
LaTeX Font Info:    ... okay on input line 17.
LaTeX Font Info:    Checking defaults for OMX/cmex/m/n on input line 17.
LaTeX Font Info:    ... okay on input line 17.
LaTeX Font Info:    Checking defaults for U/cmr/m/n on input line 17.
LaTeX Font Info:    ... okay on input line 17.
LaTeX Font Info:    External font `cmex10' loaded for size
(Font)              <10.95> on input line 45.
LaTeX Font Info:    External font `cmex10' loaded for size
(Font)              <8> on input line 45.
LaTeX Font Info:    External font `cmex10' loaded for size
(Font)              <6> on input line 45.
LaTeX Font Info:    External font `cmex10' loaded for size
(Font)              <9> on input line 45.
LaTeX Font Info:    External font `cmex10' loaded for size
(Font)              <5> on input line 45.
 [1

]

LaTeX Warning: Characters dropped after `\end{verbatim}' on input line 82.

[2]
Underfull \hbox (badness 4001) in paragraph at lines 213--223
[]\OT1/cmr/m/n/10.95 'shuffle' is writ-ten in the Awk pro-gram-ming lan-guage, 
a stan-dard Unix
 []


Underfull \hbox (badness 1184) in paragraph at lines 213--223
\OT1/cmr/m/n/10.95 tool (Aho, Kernighan, & Wein-berger, 1988; Dougher-tyby, Rob
-bins, & Es-tabrook,
 []


Underfull \hbox (badness 1460) in paragraph at lines 213--223
\OT1/cmr/m/n/10.95 1997; Rob-bins, 1997). We rec-om-mend the use of 'gawk', the
 GNU ver-sion of
 []


Underfull \hbox (badness 1789) in paragraph at lines 213--223
\OT1/cmr/m/n/10.95 the Awk, un-der which we de-vel-oped and tested shuf-fle. ga
wk is avail-able for
 []


Underfull \hbox (badness 1817) in paragraph at lines 213--223
\OT1/cmr/m/n/10.95 free, and for many plat-forms, in-clud-ing GNU/Linux www.gnu
.org and MS DOS
 []

[3] [4] (shuffle.bbl [5]
LaTeX Font Info:    External font `cmex10' loaded for size
(Font)              <7> on input line 22.
) [6] [7]
Overfull \hbox (28.37595pt too wide) in paragraph at lines 373--373
[][]           \OT1/cmtt/m/n/10 if ((constraint[k]) && (prev[k]==current[k]) &&
 (rep[k]+1>constraint[k])) {[] 
 []


Overfull \hbox (101.8753pt too wide) in paragraph at lines 373--373
[][]     \OT1/cmtt/m/n/10 if (bad_permut) print "shuffle: could not find a perm
utation after" loop "iterations" > STDERR;[] 
 []


Underfull \vbox (badness 10000) has occurred while \output is active []

 [8]
Overfull \hbox (17.87604pt too wide) in paragraph at lines 373--373
[][]   \OT1/cmtt/m/n/10 "Shuffle performs a random permutation on the lines fro
m the standard input,\n" \[] 
 []


Overfull \hbox (12.62608pt too wide) in paragraph at lines 373--373
[][]   \OT1/cmtt/m/n/10 "Usage:\n   shuffle [constr='n1 n2...'] [n=<num>] [seed
=<num>] [iter=<num>]\n" \[] 
 []


Overfull \hbox (91.3754pt too wide) in paragraph at lines 373--373
[][]   \OT1/cmtt/m/n/10 " constr='n1 n2...' : set constraints on maximum number
 of repetitions in columns 1, 2 ...\n" \[] 
 []


Overfull \hbox (17.87604pt too wide) in paragraph at lines 373--373
[][]   \OT1/cmtt/m/n/10 " seed=<num>  : sets the seed for the random number gen
erator to number <num>\n"\[] 
 []


Overfull \hbox (17.87604pt too wide) in paragraph at lines 373--373
[][]   \OT1/cmtt/m/n/10 "as argument, and outputs them in a random order, with 
possible restrictions:\n"\[] 
 []


Overfull \hbox (2.12617pt too wide) in paragraph at lines 373--373
[][]   \OT1/cmtt/m/n/10 "This program can be used and distributed under the GNU
 License (shuffle -l)";[] 
 []


Overfull \hbox (65.12563pt too wide) in paragraph at lines 373--373
[][]     \OT1/cmtt/m/n/10 lic=" Shuffle - performs a random permutation on the 
lines from the standard input,\n" \[] 
 []


Overfull \hbox (17.87604pt too wide) in paragraph at lines 373--373
[][]     \OT1/cmtt/m/n/10 "\n You should have received a copy of the GNU Genera
l Public License along\n"\[] 
 []


Overfull \hbox (7.37613pt too wide) in paragraph at lines 373--373
[][]     \OT1/cmtt/m/n/10 " with this program; if not, write to the Free Softwa
re Foundation, Inc.,\n"\[] 
 []


Underfull \vbox (badness 10000) has occurred while \output is active []

 [9]
[10] (shuffle.aux) ) 
Here is how much of TeX's memory you used:
 678 strings out of 10910
 7149 string characters out of 72805
 60314 words of memory out of 263001
 3641 multiletter control sequences out of 10000+0
 10395 words of font info for 37 fonts, out of 200000 for 1000
 15 hyphenation exceptions out of 1000
 28i,8n,23p,251b,368s stack positions out of 300i,100n,500p,30000b,4000s

Output written on shuffle.dvi (10 pages, 29212 bytes).
